<?xml version="1.0" encoding="UTF-8"?>
<testsuite name="io.tests.Tests" tests="1" skipped="0" failures="0" errors="0" timestamp="2021-03-01T22:28:15" hostname="DESKTOP-LFIF29J" time="0.004">
  <properties/>
  <testcase name="myTest" classname="io.tests.Tests" time="0.004"/>
  <system-out><![CDATA[Before Test
After Test
]]></system-out>
  <system-err><![CDATA[]]></system-err>
</testsuite>
